{
  "stats": {
    "suites": 1,
    "tests": 6,
    "passes": 6,
    "pending": 0,
    "failures": 0,
    "start": "2023-11-14T01:31:40.988Z",
    "end": "2023-11-14T01:33:23.838Z",
    "duration": 102850,
    "testsRegistered": 6,
    "passPercent": 100,
    "pendingPercent": 0,
    "other": 0,
    "hasOther": false,
    "skipped": 0,
    "hasSkipped": false
  },
  "results": [
    {
      "uuid": "cc080075-0e31-44fb-828e-1284605db16f",
      "title": "",
      "fullFile": "cypress\\e2e\\TrabalhoUI\\trabalho.cy.js",
      "file": "cypress\\e2e\\TrabalhoUI\\trabalho.cy.js",
      "beforeHooks": [],
      "afterHooks": [],
      "tests": [],
      "suites": [
        {
          "uuid": "41132a25-150c-4035-a908-a405d92d6f6e",
          "title": "Ver se funcoes basicas da AMAZON estao dando certo",
          "fullFile": "",
          "file": "",
          "beforeHooks": [],
          "afterHooks": [],
          "tests": [
            {
              "title": "Caso de teste: Pesquisar algo inexistente",
              "fullTitle": "Ver se funcoes basicas da AMAZON estao dando certo Caso de teste: Pesquisar algo inexistente",
              "timedOut": null,
              "duration": 18466,
              "state": "passed",
              "speed": "slow",
              "pass": true,
              "fail": false,
              "pending": false,
              "context": null,
              "code": "cy.visit('https://www.amazon.com.br');\ncy.get('#twotabsearchtextbox').click().type('hstegdns');\ncy.get('#nav-search-submit-button').click();\ncy.get('#nav-search-submit-button').click();\ncy.get('.s-no-outline > .a-size-base > span').should('contain.text', 'Tente verificar a ortografia ou usar termos mais genéricos');",
              "err": {},
              "uuid": "6bb9c33a-41bb-44c6-81bd-911c26e85768",
              "parentUUID": "41132a25-150c-4035-a908-a405d92d6f6e",
              "isHook": false,
              "skipped": false
            },
            {
              "title": "Caso de teste: Fazendo um login com um email inexistente",
              "fullTitle": "Ver se funcoes basicas da AMAZON estao dando certo Caso de teste: Fazendo um login com um email inexistente",
              "timedOut": null,
              "duration": 11216,
              "state": "passed",
              "speed": "slow",
              "pass": true,
              "fail": false,
              "pending": false,
              "context": null,
              "code": "cy.visit('https://www.amazon.com.br');\ncy.get('#nav-link-accountList').click();\ncy.get('#ap_email').click().type('jogadorcaro@ina.br');\ncy.get('.a-button-inner > #continue').click();\ncy.get('.a-list-item').should('contain.text', 'Não encontramos uma conta associada a este endereço de e-mail');",
              "err": {},
              "uuid": "9ad97408-acf8-481c-a980-c2963734e6fe",
              "parentUUID": "41132a25-150c-4035-a908-a405d92d6f6e",
              "isHook": false,
              "skipped": false
            },
            {
              "title": "Caso de teste: Entrar com um cep",
              "fullTitle": "Ver se funcoes basicas da AMAZON estao dando certo Caso de teste: Entrar com um cep",
              "timedOut": null,
              "duration": 15678,
              "state": "passed",
              "speed": "slow",
              "pass": true,
              "fail": false,
              "pending": false,
              "context": null,
              "code": "cy.visit('https://www.amazon.com.br');\ncy.get('#nav-global-location-popover-link').click();\ncy.get('#GLUXZipUpdateInput_0').click().type('37540');\ncy.get('#GLUXZipUpdateInput_1').click().type('000');\ncy.get('#GLUXZipUpdate').click();\ncy.get('#nav-global-location-popover-link').should('contain.text', '\\n            \\n            \\n                \\n                   Enviar para\\n                \\n                \\n                    37540000‌\\n                \\n            \\n        ');",
              "err": {},
              "uuid": "df0d8ac7-25b7-4342-99af-790372059660",
              "parentUUID": "41132a25-150c-4035-a908-a405d92d6f6e",
              "isHook": false,
              "skipped": false
            },
            {
              "title": "Caso de teste: Pesquisar por ventilador",
              "fullTitle": "Ver se funcoes basicas da AMAZON estao dando certo Caso de teste: Pesquisar por ventilador",
              "timedOut": null,
              "duration": 20474,
              "state": "passed",
              "speed": "slow",
              "pass": true,
              "fail": false,
              "pending": false,
              "context": null,
              "code": "cy.visit('https://www.amazon.com.br');\ncy.get('#twotabsearchtextbox').click().type('ventilador');\ncy.get('#nav-search-submit-button').click();\ncy.get('#nav-search-submit-button').click();\ncy.get('.a-link-normal > .a-row > .a-color-base').should('contain.text', 'Confira nossas promoções em Ventiladores');",
              "err": {},
              "uuid": "b2b789b3-31dd-4cbd-a2dc-39562f64a956",
              "parentUUID": "41132a25-150c-4035-a908-a405d92d6f6e",
              "isHook": false,
              "skipped": false
            },
            {
              "title": "Caso de teste: Pesquisar por cadeira gamer",
              "fullTitle": "Ver se funcoes basicas da AMAZON estao dando certo Caso de teste: Pesquisar por cadeira gamer",
              "timedOut": null,
              "duration": 18685,
              "state": "passed",
              "speed": "slow",
              "pass": true,
              "fail": false,
              "pending": false,
              "context": null,
              "code": "cy.visit('https://www.amazon.com.br');\ncy.get('#twotabsearchtextbox').click().type('cadeira gamer');\ncy.get('#nav-search-submit-button').click();\ncy.get('#nav-search-submit-button').click();\ncy.get('.s-no-outline > .a-row > .a-size-base').should('contain.text', 'O preço e outros detalhes variam de acordo com o tamanho e a cor do produto.');",
              "err": {},
              "uuid": "ccac804b-78c2-4100-adb7-e0a22159de9b",
              "parentUUID": "41132a25-150c-4035-a908-a405d92d6f6e",
              "isHook": false,
              "skipped": false
            },
            {
              "title": "Caso de teste: Fazendo um login com um email inexistente mas senha errada",
              "fullTitle": "Ver se funcoes basicas da AMAZON estao dando certo Caso de teste: Fazendo um login com um email inexistente mas senha errada",
              "timedOut": null,
              "duration": 12766,
              "state": "passed",
              "speed": "slow",
              "pass": true,
              "fail": false,
              "pending": false,
              "context": null,
              "code": "cy.visit('https://www.amazon.com.br');\ncy.get('#nav-link-accountList').click();\ncy.get('#ap_email').click().type('annaclararenno@gmail.com');\ncy.get('.a-button-inner > #continue').click();\ncy.get('#ap_password').click().type('00000000');\ncy.get('#signInSubmit').click();\ncy.get('.a-list-item').should('contain.text', 'Sua senha está incorreta');",
              "err": {},
              "uuid": "bcefbe4c-2dc8-4492-be98-b42b81c3086b",
              "parentUUID": "41132a25-150c-4035-a908-a405d92d6f6e",
              "isHook": false,
              "skipped": false
            }
          ],
          "suites": [],
          "passes": [
            "6bb9c33a-41bb-44c6-81bd-911c26e85768",
            "9ad97408-acf8-481c-a980-c2963734e6fe",
            "df0d8ac7-25b7-4342-99af-790372059660",
            "b2b789b3-31dd-4cbd-a2dc-39562f64a956",
            "ccac804b-78c2-4100-adb7-e0a22159de9b",
            "bcefbe4c-2dc8-4492-be98-b42b81c3086b"
          ],
          "failures": [],
          "pending": [],
          "skipped": [],
          "duration": 97285,
          "root": false,
          "rootEmpty": false,
          "_timeout": 2000
        }
      ],
      "passes": [],
      "failures": [],
      "pending": [],
      "skipped": [],
      "duration": 0,
      "root": true,
      "rootEmpty": true,
      "_timeout": 2000
    }
  ],
  "meta": {
    "mocha": {
      "version": "7.0.1"
    },
    "mochawesome": {
      "options": {
        "quiet": false,
        "reportFilename": "mochawesome",
        "saveHtml": true,
        "saveJson": true,
        "consoleReporter": "spec",
        "useInlineDiffs": false,
        "code": true
      },
      "version": "7.1.3"
    },
    "marge": {
      "options": {
        "reportDir": "cypress/reports",
        "overwrite": false,
        "html": true,
        "json": true
      },
      "version": "6.2.0"
    }
  }
}