{
  "stats": {
    "suites": 1,
    "tests": 6,
    "passes": 6,
    "pending": 0,
    "failures": 0,
    "start": "2023-11-14T01:35:11.049Z",
    "end": "2023-11-14T01:36:57.026Z",
    "duration": 105977,
    "testsRegistered": 6,
    "passPercent": 100,
    "pendingPercent": 0,
    "other": 0,
    "hasOther": false,
    "skipped": 0,
    "hasSkipped": false
  },
  "results": [
    {
      "uuid": "df56a91a-2b5c-459f-b1ee-349cb98a4659",
      "title": "",
      "fullFile": "cypress\\e2e\\TrabalhoUI\\trabalho.cy.js",
      "file": "cypress\\e2e\\TrabalhoUI\\trabalho.cy.js",
      "beforeHooks": [],
      "afterHooks": [],
      "tests": [],
      "suites": [
        {
          "uuid": "85e7af81-6063-40f0-b11d-ad989e05a085",
          "title": "Ver se funcoes basicas da AMAZON estao dando certo",
          "fullFile": "",
          "file": "",
          "beforeHooks": [],
          "afterHooks": [],
          "tests": [
            {
              "title": "Caso de teste: Pesquisar algo inexistente",
              "fullTitle": "Ver se funcoes basicas da AMAZON estao dando certo Caso de teste: Pesquisar algo inexistente",
              "timedOut": null,
              "duration": 18000,
              "state": "passed",
              "speed": "slow",
              "pass": true,
              "fail": false,
              "pending": false,
              "context": null,
              "code": "cy.visit('https://www.amazon.com.br');\ncy.get('#twotabsearchtextbox').click().type('hstegdns');\ncy.get('#nav-search-submit-button').click();\ncy.get('#nav-search-submit-button').click();\ncy.get('.s-no-outline > .a-size-base > span').should('contain.text', 'Tente verificar a ortografia ou usar termos mais genéricos');",
              "err": {},
              "uuid": "29c67e2b-262d-49e1-9d25-ca0bdf3dba8d",
              "parentUUID": "85e7af81-6063-40f0-b11d-ad989e05a085",
              "isHook": false,
              "skipped": false
            },
            {
              "title": "Caso de teste: Fazendo um login com um email inexistente",
              "fullTitle": "Ver se funcoes basicas da AMAZON estao dando certo Caso de teste: Fazendo um login com um email inexistente",
              "timedOut": null,
              "duration": 12281,
              "state": "passed",
              "speed": "slow",
              "pass": true,
              "fail": false,
              "pending": false,
              "context": null,
              "code": "cy.visit('https://www.amazon.com.br');\ncy.get('#nav-link-accountList').click();\ncy.get('#ap_email').click().type('jogadorcaro@ina.br');\ncy.get('.a-button-inner > #continue').click();\ncy.get('.a-list-item').should('contain.text', 'Não encontramos uma conta associada a este endereço de e-mail');",
              "err": {},
              "uuid": "21343fbd-790c-4ca8-966e-4aacd37aed54",
              "parentUUID": "85e7af81-6063-40f0-b11d-ad989e05a085",
              "isHook": false,
              "skipped": false
            },
            {
              "title": "Caso de teste: Entrar com um cep",
              "fullTitle": "Ver se funcoes basicas da AMAZON estao dando certo Caso de teste: Entrar com um cep",
              "timedOut": null,
              "duration": 16814,
              "state": "passed",
              "speed": "slow",
              "pass": true,
              "fail": false,
              "pending": false,
              "context": null,
              "code": "cy.visit('https://www.amazon.com.br');\ncy.get('#nav-global-location-popover-link').click();\ncy.get('#GLUXZipUpdateInput_0').click().type('37540');\ncy.get('#GLUXZipUpdateInput_1').click().type('000');\ncy.get('#GLUXZipUpdate').click();\ncy.get('#nav-global-location-popover-link').should('contain.text', '\\n            \\n            \\n                \\n                   Enviar para\\n                \\n                \\n                    37540000‌\\n                \\n            \\n        ');",
              "err": {},
              "uuid": "4a63c98d-a6e8-4866-b9dc-3003302ce222",
              "parentUUID": "85e7af81-6063-40f0-b11d-ad989e05a085",
              "isHook": false,
              "skipped": false
            },
            {
              "title": "Caso de teste: Pesquisar por ventilador",
              "fullTitle": "Ver se funcoes basicas da AMAZON estao dando certo Caso de teste: Pesquisar por ventilador",
              "timedOut": null,
              "duration": 19475,
              "state": "passed",
              "speed": "slow",
              "pass": true,
              "fail": false,
              "pending": false,
              "context": null,
              "code": "cy.visit('https://www.amazon.com.br');\ncy.get('#twotabsearchtextbox').click().type('ventilador');\ncy.get('#nav-search-submit-button').click();\ncy.get('#nav-search-submit-button').click();\ncy.get('.a-link-normal > .a-row > .a-color-base').should('contain.text', 'Confira nossas promoções em Ventiladores');",
              "err": {},
              "uuid": "6c50eb84-0fd6-4528-b98c-08e735196816",
              "parentUUID": "85e7af81-6063-40f0-b11d-ad989e05a085",
              "isHook": false,
              "skipped": false
            },
            {
              "title": "Caso de teste: Pesquisar por cadeira gamer",
              "fullTitle": "Ver se funcoes basicas da AMAZON estao dando certo Caso de teste: Pesquisar por cadeira gamer",
              "timedOut": null,
              "duration": 20035,
              "state": "passed",
              "speed": "slow",
              "pass": true,
              "fail": false,
              "pending": false,
              "context": null,
              "code": "cy.visit('https://www.amazon.com.br');\ncy.get('#twotabsearchtextbox').click().type('cadeira gamer');\ncy.get('#nav-search-submit-button').click();\ncy.get('#nav-search-submit-button').click();\ncy.get('.s-no-outline > .a-row > .a-size-base').should('contain.text', 'O preço e outros detalhes variam de acordo com o tamanho e a cor do produto.');",
              "err": {},
              "uuid": "a3d34d48-0f94-47bf-bcb0-5401faabf952",
              "parentUUID": "85e7af81-6063-40f0-b11d-ad989e05a085",
              "isHook": false,
              "skipped": false
            },
            {
              "title": "Caso de teste: Fazendo um login com um email inexistente mas senha errada",
              "fullTitle": "Ver se funcoes basicas da AMAZON estao dando certo Caso de teste: Fazendo um login com um email inexistente mas senha errada",
              "timedOut": null,
              "duration": 13660,
              "state": "passed",
              "speed": "slow",
              "pass": true,
              "fail": false,
              "pending": false,
              "context": null,
              "code": "cy.visit('https://www.amazon.com.br');\ncy.get('#nav-link-accountList').click();\ncy.get('#ap_email').click().type('annaclararenno@gmail.com');\ncy.get('.a-button-inner > #continue').click();\ncy.get('#ap_password').click().type('00000000');\ncy.get('#signInSubmit').click();\ncy.get('.a-list-item').should('contain.text', 'Sua senha está incorreta');",
              "err": {},
              "uuid": "ced2bc48-d82b-43dd-8d53-a52c6a689f7a",
              "parentUUID": "85e7af81-6063-40f0-b11d-ad989e05a085",
              "isHook": false,
              "skipped": false
            }
          ],
          "suites": [],
          "passes": [
            "29c67e2b-262d-49e1-9d25-ca0bdf3dba8d",
            "21343fbd-790c-4ca8-966e-4aacd37aed54",
            "4a63c98d-a6e8-4866-b9dc-3003302ce222",
            "6c50eb84-0fd6-4528-b98c-08e735196816",
            "a3d34d48-0f94-47bf-bcb0-5401faabf952",
            "ced2bc48-d82b-43dd-8d53-a52c6a689f7a"
          ],
          "failures": [],
          "pending": [],
          "skipped": [],
          "duration": 100265,
          "root": false,
          "rootEmpty": false,
          "_timeout": 2000
        }
      ],
      "passes": [],
      "failures": [],
      "pending": [],
      "skipped": [],
      "duration": 0,
      "root": true,
      "rootEmpty": true,
      "_timeout": 2000
    }
  ],
  "meta": {
    "mocha": {
      "version": "7.0.1"
    },
    "mochawesome": {
      "options": {
        "quiet": false,
        "reportFilename": "mochawesome",
        "saveHtml": true,
        "saveJson": true,
        "consoleReporter": "spec",
        "useInlineDiffs": false,
        "code": true
      },
      "version": "7.1.3"
    },
    "marge": {
      "options": {
        "reportDir": "cypress/reports",
        "overwrite": false,
        "html": true,
        "json": true
      },
      "version": "6.2.0"
    }
  }
}