{
  "stats": {
    "suites": 1,
    "tests": 1,
    "passes": 0,
    "pending": 1,
    "failures": 0,
    "start": "2023-11-14T01:18:32.653Z",
    "end": "2023-11-14T01:18:33.163Z",
    "duration": 510,
    "testsRegistered": 2,
    "passPercent": 0,
    "pendingPercent": 50,
    "other": 1,
    "hasOther": true,
    "skipped": 0,
    "hasSkipped": false
  },
  "results": [
    {
      "uuid": "bc92cf92-8695-4d0b-8186-c941c7cb0f90",
      "title": "",
      "fullFile": "cypress\\e2e\\exemplo1.cy.js",
      "file": "cypress\\e2e\\exemplo1.cy.js",
      "beforeHooks": [],
      "afterHooks": [],
      "tests": [],
      "suites": [
        {
          "uuid": "1c57e93e-b7f5-465e-b570-f1db8c6c2fa2",
          "title": "Criando cenario de teste para o site globalsqa",
          "fullFile": "",
          "file": "",
          "beforeHooks": [],
          "afterHooks": [],
          "tests": [
            {
              "title": "Caso de teste: Registrar um usuario no site com sucesso",
              "fullTitle": "Criando cenario de teste para o site globalsqa Caso de teste: Registrar um usuario no site com sucesso",
              "timedOut": null,
              "duration": 0,
              "state": "pending",
              "speed": null,
              "pass": false,
              "fail": false,
              "pending": true,
              "context": null,
              "code": "cy.visit('https://globalsqa.com/angularJs-protractor/registration-login-example/#/login');\ncy.get('.btn-link').click();\ncy.get('#firstName').type('anna');\ncy.get('#TEST1').type('anna');\ncy.get('#username').type('anna');\ncy.get('#password').type('aninha');\ncy.get('.btn-primary').click();\ncy.get('.ng-binding').should('contain.text', 'Registration successful');",
              "err": {},
              "uuid": "435cf247-cd85-4601-bd7a-0f4720937ef4",
              "parentUUID": "1c57e93e-b7f5-465e-b570-f1db8c6c2fa2",
              "isHook": false,
              "skipped": false
            },
            {
              "title": "Caso de teste: Registrar um usuario no site com sucesso",
              "fullTitle": "Criando cenario de teste para o site globalsqa Caso de teste: Registrar um usuario no site com sucesso",
              "timedOut": null,
              "duration": 406,
              "state": "failed",
              "speed": null,
              "pass": false,
              "fail": true,
              "pending": false,
              "context": null,
              "code": "let info = criarusuario();\ncy.get('#username').type(info[0]);\ncy.get('#password').type(info[1]);",
              "err": {
                "message": "TypeError: Cannot read properties of undefined (reading '0')",
                "estack": "TypeError: Cannot read properties of undefined (reading '0')\n    at Context.eval (webpack://testes/./cypress/e2e/exemplo1.cy.js:34:34)",
                "diff": null
              },
              "uuid": "147fe941-dac9-4de2-8f36-eca054a8c8cc",
              "parentUUID": "1c57e93e-b7f5-465e-b570-f1db8c6c2fa2",
              "isHook": false,
              "skipped": false
            }
          ],
          "suites": [],
          "passes": [],
          "failures": [
            "147fe941-dac9-4de2-8f36-eca054a8c8cc"
          ],
          "pending": [
            "435cf247-cd85-4601-bd7a-0f4720937ef4"
          ],
          "skipped": [],
          "duration": 406,
          "root": false,
          "rootEmpty": false,
          "_timeout": 2000
        }
      ],
      "passes": [],
      "failures": [],
      "pending": [],
      "skipped": [],
      "duration": 0,
      "root": true,
      "rootEmpty": true,
      "_timeout": 2000
    }
  ],
  "meta": {
    "mocha": {
      "version": "7.0.1"
    },
    "mochawesome": {
      "options": {
        "quiet": false,
        "reportFilename": "mochawesome",
        "saveHtml": true,
        "saveJson": true,
        "consoleReporter": "spec",
        "useInlineDiffs": false,
        "code": true
      },
      "version": "7.1.3"
    },
    "marge": {
      "options": {
        "reportDir": "cypress/reports",
        "overwrite": false,
        "html": true,
        "json": true
      },
      "version": "6.2.0"
    }
  }
}