{
  "stats": {
    "suites": 1,
    "tests": 1,
    "passes": 0,
    "pending": 1,
    "failures": 0,
    "start": "2023-11-14T01:37:52.187Z",
    "end": "2023-11-14T01:37:53.116Z",
    "duration": 929,
    "testsRegistered": 2,
    "passPercent": 0,
    "pendingPercent": 50,
    "other": 1,
    "hasOther": true,
    "skipped": 0,
    "hasSkipped": false
  },
  "results": [
    {
      "uuid": "95d20912-f59c-484c-9e7a-60e9ef8eb523",
      "title": "",
      "fullFile": "cypress\\e2e\\exemplo1.cy.js",
      "file": "cypress\\e2e\\exemplo1.cy.js",
      "beforeHooks": [],
      "afterHooks": [],
      "tests": [],
      "suites": [
        {
          "uuid": "419f16e6-bec6-44bd-a82c-26e515ba89d3",
          "title": "Criando cenario de teste para o site globalsqa",
          "fullFile": "",
          "file": "",
          "beforeHooks": [],
          "afterHooks": [],
          "tests": [
            {
              "title": "Caso de teste: Registrar um usuario no site com sucesso",
              "fullTitle": "Criando cenario de teste para o site globalsqa Caso de teste: Registrar um usuario no site com sucesso",
              "timedOut": null,
              "duration": 0,
              "state": "pending",
              "speed": null,
              "pass": false,
              "fail": false,
              "pending": true,
              "context": null,
              "code": "cy.visit('https://globalsqa.com/angularJs-protractor/registration-login-example/#/login');\ncy.get('.btn-link').click();\ncy.get('#firstName').type('anna');\ncy.get('#TEST1').type('anna');\ncy.get('#username').type('anna');\ncy.get('#password').type('aninha');\ncy.get('.btn-primary').click();\ncy.get('.ng-binding').should('contain.text', 'Registration successful');",
              "err": {},
              "uuid": "5ca6d00a-c221-4675-ab8b-01492faa4a68",
              "parentUUID": "419f16e6-bec6-44bd-a82c-26e515ba89d3",
              "isHook": false,
              "skipped": false
            },
            {
              "title": "Caso de teste: Registrar um usuario no site com sucesso",
              "fullTitle": "Criando cenario de teste para o site globalsqa Caso de teste: Registrar um usuario no site com sucesso",
              "timedOut": null,
              "duration": 721,
              "state": "failed",
              "speed": null,
              "pass": false,
              "fail": true,
              "pending": false,
              "context": "{\n  \"title\": \"cypress-mochawesome-reporter-screenshots\",\n  \"value\": [\n    [\n      \"\\\\exemplo1.cy.js\\\\Criando cenario de teste para o site globalsqa -- Caso de teste Registrar um usuario no site com sucesso (failed).png\"\n    ]\n  ]\n}",
              "code": "let info = criarusuario();\ncy.get('#username').type(info[0]);\ncy.get('#password').type(info[1]);",
              "err": {
                "message": "TypeError: Cannot read properties of undefined (reading '0')",
                "estack": "TypeError: Cannot read properties of undefined (reading '0')\n    at Context.eval (webpack://testes/./cypress/e2e/exemplo1.cy.js:34:34)",
                "diff": null
              },
              "uuid": "e7617378-cbd9-47ef-ab6e-6d4b4c82367b",
              "parentUUID": "419f16e6-bec6-44bd-a82c-26e515ba89d3",
              "isHook": false,
              "skipped": false
            }
          ],
          "suites": [],
          "passes": [],
          "failures": [
            "e7617378-cbd9-47ef-ab6e-6d4b4c82367b"
          ],
          "pending": [
            "5ca6d00a-c221-4675-ab8b-01492faa4a68"
          ],
          "skipped": [],
          "duration": 721,
          "root": false,
          "rootEmpty": false,
          "_timeout": 2000
        }
      ],
      "passes": [],
      "failures": [],
      "pending": [],
      "skipped": [],
      "duration": 0,
      "root": true,
      "rootEmpty": true,
      "_timeout": 2000
    }
  ],
  "meta": {
    "mocha": {
      "version": "7.0.1"
    },
    "mochawesome": {
      "options": {
        "quiet": false,
        "reportFilename": "mochawesome",
        "saveHtml": true,
        "saveJson": true,
        "consoleReporter": "spec",
        "useInlineDiffs": false,
        "code": true
      },
      "version": "7.1.3"
    },
    "marge": {
      "options": {
        "reportDir": "cypress/reports",
        "overwrite": false,
        "html": true,
        "json": true
      },
      "version": "6.2.0"
    }
  }
}